08:14:16.740 INFO  - Processing command line option -hwspec C:\materija\Ra28-2014\SDK\SDK_Export\hw\system.xml. 
08:36:26.417 INFO  - Settings changed on project HelloWorld_bsp. Triggering a rebuild... 
08:36:26.698 INFO  - Refreshed build settings on project HelloWorld 
08:39:12.519 ERROR - FPGA Configuration failed.Connection to Board Failed


    Failed to Open JTAG Cable
    Cable target is not connected to the host
 
08:39:45.227 ERROR - FPGA Configuration failed.Connection to Board Failed

Failed to Scan JTAG Chain
    Unknown Error
 
08:40:09.891 INFO  - FPGA configured successfully with bitstream "C:/materija/Ra28-2014/SDK/SDK_Export/SDK_Workspace/Ra28-2014_hw_platform/download.bit" 
08:41:07.737 INFO  - FPGA configured successfully with bitstream "C:/materija/Ra28-2014/SDK/SDK_Export/SDK_Workspace/Ra28-2014_hw_platform/download.bit" 
08:42:10.295 ERROR - Unexpected error while launching program. com.xilinx.sdk.targetmanager.TMException: MicroBlaze is under RESET. Check if the Reset input to MicroBlaze and its Bus Interfaces are connected properly
    UNABLE to STOP MicroBlaze

	at com.xilinx.sdk.targetmanager.internal.TM.connectToProcessor(Unknown Source)
	at com.xilinx.sdk.debug.core.internal.AppRunner.run(Unknown Source)

08:42:15.694 INFO  - FPGA configured successfully with bitstream "C:/materija/Ra28-2014/SDK/SDK_Export/SDK_Workspace/Ra28-2014_hw_platform/download.bit" 
08:42:19.750 ERROR - Unexpected error while launching program. com.xilinx.sdk.targetmanager.TMException: MicroBlaze is under RESET. Check if the Reset input to MicroBlaze and its Bus Interfaces are connected properly
    UNABLE to STOP MicroBlaze

	at com.xilinx.sdk.targetmanager.internal.TM.connectToProcessor(Unknown Source)
	at com.xilinx.sdk.debug.core.internal.AppRunner.run(Unknown Source)

08:43:17.258 INFO  - FPGA configured successfully with bitstream "C:/materija/Ra28-2014/SDK/SDK_Export/SDK_Workspace/Ra28-2014_hw_platform/download.bit" 
08:43:40.784 INFO  - FPGA configured successfully with bitstream "C:/materija/Ra28-2014/SDK/SDK_Export/SDK_Workspace/Ra28-2014_hw_platform/download.bit" 
08:45:01.874 INFO  - FPGA configured successfully with bitstream "C:/materija/Ra28-2014/SDK/SDK_Export/SDK_Workspace/Ra28-2014_hw_platform/download.bit" 
08:46:14.134 INFO  - FPGA configured successfully with bitstream "C:/materija/Ra28-2014/SDK/SDK_Export/SDK_Workspace/Ra28-2014_hw_platform/download.bit" 
08:46:18.486 ERROR - Unexpected error while launching program. com.xilinx.sdk.targetmanager.TMException: MicroBlaze is under RESET. Check if the Reset input to MicroBlaze and its Bus Interfaces are connected properly
    UNABLE to STOP MicroBlaze

	at com.xilinx.sdk.targetmanager.internal.TM.connectToProcessor(Unknown Source)
	at com.xilinx.sdk.debug.core.internal.AppRunner.run(Unknown Source)

08:46:27.113 ERROR - Unexpected error while launching program. com.xilinx.sdk.targetmanager.TMException: MicroBlaze is under RESET. Check if the Reset input to MicroBlaze and its Bus Interfaces are connected properly
    UNABLE to STOP MicroBlaze

	at com.xilinx.sdk.targetmanager.internal.TM.connectToProcessor(Unknown Source)
	at com.xilinx.sdk.debug.core.internal.AppRunner.run(Unknown Source)

08:48:38.842 INFO  - FPGA configured successfully with bitstream "C:/materija/Ra28-2014/SDK/SDK_Export/SDK_Workspace/Ra28-2014_hw_platform/download.bit" 
08:48:43.678 ERROR - Unexpected error while launching program. com.xilinx.sdk.targetmanager.TMException: MicroBlaze is under RESET. Check if the Reset input to MicroBlaze and its Bus Interfaces are connected properly
    UNABLE to STOP MicroBlaze

	at com.xilinx.sdk.targetmanager.internal.TM.connectToProcessor(Unknown Source)
	at com.xilinx.sdk.debug.core.internal.AppRunner.run(Unknown Source)

08:49:06.657 INFO  - Updating .bit and .bmm files from XPS's export folder. 
08:50:32.053 INFO  - Copied contents of C:\materija\Ra28-2014\SDK\SDK_Export\hw\system.bit into \Ra28-2014_hw_platform\system.bit. 
08:50:32.053 INFO  - Copied contents of C:\materija\Ra28-2014\SDK\SDK_Export\hw\system_bd.bmm into \Ra28-2014_hw_platform\system_bd.bmm. 
08:50:42.363 ERROR - Unexpected error while parsing XMD response ?: com.google.gson.JsonSyntaxException: com.google.gson.stream.MalformedJsonException: invalid number or unquoted string near  
10:53:24.554 INFO  - Processing command line option -hwspec C:\materija\Ra28-2014\SDK\SDK_Export\hw\system.xml. 
10:53:44.444 ERROR - Checking FPGA configuration failed..Connection to Board Failed


    Failed to Open JTAG Cable
    Cable target is not connected to the host
 
10:53:49.482 ERROR - FPGA Configuration failed.Connection to Board Failed


    Failed to Open JTAG Cable
    Cable target is not connected to the host
 
10:53:58.172 ERROR - Checking FPGA configuration failed..Connection to Board Failed


    Failed to Open JTAG Cable
    Cable target is not connected to the host
 
10:54:22.069 INFO  - FPGA configured successfully with bitstream "C:/materija/Ra28-2014/SDK/SDK_Export/SDK_Workspace/Ra28-2014_hw_platform/download.bit" 
10:54:56.811 INFO  - FPGA configured successfully with bitstream "C:/materija/Ra28-2014/SDK/SDK_Export/SDK_Workspace/Ra28-2014_hw_platform/download.bit" 
10:55:14.955 INFO  - microblaze_0 Processor is in use. Please stop existing Run or Debug sessions before launching. 
10:56:45.015 WARN  - Terminating existing sessions on processor microblaze_0 
10:56:46.482 INFO  - FPGA configured successfully with bitstream "C:/materija/Ra28-2014/SDK/SDK_Export/SDK_Workspace/Ra28-2014_hw_platform/download.bit" 
11:00:56.135 WARN  - Terminating existing sessions on processor microblaze_0 
11:00:57.572 INFO  - FPGA configured successfully with bitstream "C:/materija/Ra28-2014/SDK/SDK_Export/SDK_Workspace/Ra28-2014_hw_platform/download.bit" 
11:04:34.444 INFO  - Time out for XMD transaction is 60000
If you want to increase the timeout value, goto Windows-> Preferences -> Xilinx SDK -> XMD Startup 
11:04:34.444 ERROR - Timeout occured while waiting to get reply for command "xstop 0" 
11:49:14.606 INFO  - Project Ra28-2014_hw_platform's source hardware specification located at C:\materija\Ra28-2014\SDK\SDK_Export\hw\system.xml is now different from the local copy.
		 The local copy will be replaced with the source specification and your workspace will be updated. 
11:55:07.170 INFO  - Copied contents of C:\materija\Ra28-2014\SDK\SDK_Export\hw\system.xml into \Ra28-2014_hw_platform\system.xml. 
11:55:07.201 INFO  - Copied contents of C:\materija\Ra28-2014\SDK\SDK_Export\hw\system.bit into \Ra28-2014_hw_platform\system.bit. 
11:55:07.216 INFO  - Copied contents of C:\materija\Ra28-2014\SDK\SDK_Export\hw\system_bd.bmm into \Ra28-2014_hw_platform\system_bd.bmm. 
11:55:07.482 INFO  - Synchronizing projects in the workspace with the hardware platform specification changes. 
11:55:08.293 INFO  - Updating MSS for Board Support Package Project: HelloWorld_bsp.
		 The following driver assignments were removed:
			Peripheral Instance: leds, driver: gpio_v3_01_a.
 
11:55:09.166 INFO  - Updating hardware inferred compiler options for HelloWorld. 
11:55:09.182 INFO  - Clearing existing target manager status. 
12:04:36.371 INFO  - Updating .bit and .bmm files from XPS's export folder. 
12:07:38.904 ERROR - Unexpected error while parsing XMD response ?: com.google.gson.JsonSyntaxException: com.google.gson.stream.MalformedJsonException: invalid number or unquoted string near  
12:07:55.036 INFO  - Processing command line option -hwspec C:\materija\Ra28-2014\SDK\SDK_Export\hw\system.xml. 
12:08:00.091 INFO  - Updating .bit and .bmm files from XPS's export folder. 
12:08:06.643 INFO  - Copied contents of C:\materija\Ra28-2014\SDK\SDK_Export\hw\system.bit into \Ra28-2014_hw_platform\system.bit. 
12:08:06.643 INFO  - Copied contents of C:\materija\Ra28-2014\SDK\SDK_Export\hw\system_bd.bmm into \Ra28-2014_hw_platform\system_bd.bmm. 
